<?xml version="1.0" encoding="UTF-8" ?>
<testsuite failures="0" time="0.292" errors="0" skipped="0" tests="3" name="com.apdplat.platform.util.PKIUtilsTest">
  <properties>
    <property name="java.runtime.name" value="Java(TM) SE Runtime Environment"/>
    <property name="sun.boot.library.path" value="E:\IDE\jdk1.7.0_01\jre\bin"/>
    <property name="java.vm.version" value="21.1-b02"/>
    <property name="java.vm.vendor" value="Oracle Corporation"/>
    <property name="java.vendor.url" value="http://java.oracle.com/"/>
    <property name="path.separator" value=";"/>
    <property name="java.vm.name" value="Java HotSpot(TM) Client VM"/>
    <property name="file.encoding.pkg" value="sun.io"/>
    <property name="user.script" value=""/>
    <property name="user.country" value="CN"/>
    <property name="sun.java.launcher" value="SUN_STANDARD"/>
    <property name="sun.os.patch.level" value=""/>
    <property name="java.vm.specification.name" value="Java Virtual Machine Specification"/>
    <property name="user.dir" value="E:\IDE\wk\APDPlat-master\APDPlat_Core"/>
    <property name="java.runtime.version" value="1.7.0_01-b08"/>
    <property name="java.awt.graphicsenv" value="sun.awt.Win32GraphicsEnvironment"/>
    <property name="basedir" value="E:\IDE\wk\APDPlat-master\APDPlat_Core"/>
    <property name="java.endorsed.dirs" value="E:\IDE\jdk1.7.0_01\jre\lib\endorsed"/>
    <property name="os.arch" value="x86"/>
    <property name="surefire.real.class.path" value="E:\IDE\wk\APDPlat-master\APDPlat_Core\target\surefire\surefirebooter6416958365036770952.jar"/>
    <property name="java.io.tmpdir" value="C:\Users\ThinkPad\AppData\Local\Temp\"/>
    <property name="line.separator" value="
"/>
    <property name="java.vm.specification.vendor" value="Oracle Corporation"/>
    <property name="user.variant" value=""/>
    <property name="os.name" value="Windows 7"/>
    <property name="sun.jnu.encoding" value="GBK"/>
    <property name="java.library.path" value="E:\IDE\jdk1.7.0_01\jre\bin;C:\Windows\Sun\Java\bin;C:\Windows\system32;C:\Windows;E:/IDE/jdk1.7.0_01/bin/../jre/bin/client;E:/IDE/jdk1.7.0_01/bin/../jre/bin;E:/IDE/jdk1.7.0_01/bin/../jre/lib/i386;.;E:\IDE\apache-maven-3.0.5\bin;.;E:\IDE\jdk1.7.0_01\bin;C:\Windows\system32;C:\Windows;C:\Windows\System32\Wbem;C:\Windows\System32\WindowsPowerShell\v1.0\;C:\Program Files\Intel\DMIX;C:\Program Files\ThinkPad\Bluetooth Software\;C:\Program Files\Intel\WiFi\bin\;C:\Program Files\Common Files\Intel\WirelessCommon\;C:\Program Files\Microsoft SQL Server\100\Tools\Binn\;C:\Program Files\Microsoft SQL Server\100\DTS\Binn\;C:\Program Files\Microsoft SQL Server\100\Tools\Binn\VSShell\Common7\IDE\;C:\Program Files\Microsoft Visual Studio 9.0\Common7\IDE\PrivateAssemblies\;C:\Program Files\Intel\WiFi\bin\;C:\Program Files\Common Files\Intel\WirelessCommon\;E:\IDE\eclipse;;."/>
    <property name="surefire.test.class.path" value="E:\IDE\wk\APDPlat-master\APDPlat_Core\target\test-classes;E:\IDE\wk\APDPlat-master\APDPlat_Core\target\classes;E:\IDE\repo\junit\junit\4.8.2\junit-4.8.2.jar;E:\IDE\repo\javax\javaee-api\6.0\javaee-api-6.0.jar;E:\IDE\repo\org\slf4j\slf4j-api\1.6.4\slf4j-api-1.6.4.jar;E:\IDE\repo\ch\qos\logback\logback-classic\0.9.28\logback-classic-0.9.28.jar;E:\IDE\repo\ch\qos\logback\logback-core\0.9.28\logback-core-0.9.28.jar;E:\IDE\repo\org\slf4j\jcl-over-slf4j\1.6.4\jcl-over-slf4j-1.6.4.jar;E:\IDE\repo\org\slf4j\jul-to-slf4j\1.6.4\jul-to-slf4j-1.6.4.jar;E:\IDE\repo\org\slf4j\log4j-over-slf4j\1.6.4\log4j-over-slf4j-1.6.4.jar;E:\IDE\repo\org\hibernate\hibernate-entitymanager\3.6.3.Final\hibernate-entitymanager-3.6.3.Final.jar;E:\IDE\repo\org\hibernate\hibernate-core\3.6.3.Final\hibernate-core-3.6.3.Final.jar;E:\IDE\repo\antlr\antlr\2.7.6\antlr-2.7.6.jar;E:\IDE\repo\org\hibernate\hibernate-commons-annotations\3.2.0.Final\hibernate-commons-annotations-3.2.0.Final.jar;E:\IDE\repo\org\hibernate\javax\persistence\hibernate-jpa-2.0-api\1.0.0.Final\hibernate-jpa-2.0-api-1.0.0.Final.jar;E:\IDE\repo\jaxen\jaxen\1.1.1\jaxen-1.1.1.jar;E:\IDE\repo\dom4j\dom4j\1.6.1\dom4j-1.6.1.jar;E:\IDE\repo\jdom\jdom\1.0\jdom-1.0.jar;E:\IDE\repo\javassist\javassist\3.8.0.GA\javassist-3.8.0.GA.jar;E:\IDE\repo\org\hibernate\hibernate-ehcache\3.6.3.Final\hibernate-ehcache-3.6.3.Final.jar;E:\IDE\repo\net\sf\ehcache\ehcache-core\2.4.1\ehcache-core-2.4.1.jar;E:\IDE\repo\org\springframework\spring-core\3.0.5.RELEASE\spring-core-3.0.5.RELEASE.jar;E:\IDE\repo\org\springframework\spring-asm\3.0.5.RELEASE\spring-asm-3.0.5.RELEASE.jar;E:\IDE\repo\org\springframework\spring-beans\3.0.5.RELEASE\spring-beans-3.0.5.RELEASE.jar;E:\IDE\repo\org\springframework\spring-aop\3.0.5.RELEASE\spring-aop-3.0.5.RELEASE.jar;E:\IDE\repo\aopalliance\aopalliance\1.0\aopalliance-1.0.jar;E:\IDE\repo\org\springframework\spring-context\3.0.5.RELEASE\spring-context-3.0.5.RELEASE.jar;E:\IDE\repo\org\springframework\spring-expression\3.0.5.RELEASE\spring-expression-3.0.5.RELEASE.jar;E:\IDE\repo\org\springframework\spring-context-support\3.0.5.RELEASE\spring-context-support-3.0.5.RELEASE.jar;E:\IDE\repo\org\springframework\spring-tx\3.0.5.RELEASE\spring-tx-3.0.5.RELEASE.jar;E:\IDE\repo\org\springframework\spring-jdbc\3.0.5.RELEASE\spring-jdbc-3.0.5.RELEASE.jar;E:\IDE\repo\org\springframework\spring-orm\3.0.5.RELEASE\spring-orm-3.0.5.RELEASE.jar;E:\IDE\repo\org\springframework\spring-web\3.0.5.RELEASE\spring-web-3.0.5.RELEASE.jar;E:\IDE\repo\org\springframework\spring-test\3.0.5.RELEASE\spring-test-3.0.5.RELEASE.jar;E:\IDE\repo\org\jasypt\jasypt\1.5\jasypt-1.5.jar;E:\IDE\repo\commons-lang\commons-lang\2.5\commons-lang-2.5.jar;E:\IDE\repo\commons-codec\commons-codec\1.4\commons-codec-1.4.jar;E:\IDE\repo\commons-collections\commons-collections\3.2.1\commons-collections-3.2.1.jar;E:\IDE\repo\org\apache\struts\struts2-core\2.2.3\struts2-core-2.2.3.jar;E:\IDE\repo\org\apache\struts\xwork\xwork-core\2.2.3\xwork-core-2.2.3.jar;E:\IDE\repo\asm\asm-commons\3.1\asm-commons-3.1.jar;E:\IDE\repo\asm\asm-tree\3.1\asm-tree-3.1.jar;E:\IDE\repo\ognl\ognl\3.0.1\ognl-3.0.1.jar;E:\IDE\repo\commons-fileupload\commons-fileupload\1.2.2\commons-fileupload-1.2.2.jar;E:\IDE\repo\commons-io\commons-io\2.0.1\commons-io-2.0.1.jar;E:\IDE\repo\org\apache\struts\struts2-convention-plugin\2.2.3\struts2-convention-plugin-2.2.3.jar;E:\IDE\repo\org\apache\struts\struts2-spring-plugin\2.2.3\struts2-spring-plugin-2.2.3.jar;E:\IDE\repo\org\freemarker\freemarker\2.3.15\freemarker-2.3.15.jar;E:\IDE\repo\commons-dbcp\commons-dbcp\1.2.1\commons-dbcp-1.2.1.jar;E:\IDE\repo\commons-pool\commons-pool\1.2\commons-pool-1.2.jar;E:\IDE\repo\cglib\cglib\2.2\cglib-2.2.jar;E:\IDE\repo\asm\asm\3.1\asm-3.1.jar;E:\IDE\repo\net\sf\json-lib\json-lib\2.3\json-lib-2.3-jdk15.jar;E:\IDE\repo\commons-beanutils\commons-beanutils\1.8.0\commons-beanutils-1.8.0.jar;E:\IDE\repo\net\sf\ezmorph\ezmorph\1.0.6\ezmorph-1.0.6.jar;E:\IDE\repo\org\springframework\security\spring-security-core\3.0.5.RELEASE\spring-security-core-3.0.5.RELEASE.jar;E:\IDE\repo\org\aspectj\aspectjrt\1.6.8\aspectjrt-1.6.8.jar;E:\IDE\repo\org\aspectj\aspectjweaver\1.6.8\aspectjweaver-1.6.8.jar;E:\IDE\repo\org\springframework\security\spring-security-web\3.0.5.RELEASE\spring-security-web-3.0.5.RELEASE.jar;E:\IDE\repo\org\springframework\security\spring-security-config\3.0.5.RELEASE\spring-security-config-3.0.5.RELEASE.jar;E:\IDE\repo\org\springframework\security\spring-security-acl\3.0.5.RELEASE\spring-security-acl-3.0.5.RELEASE.jar;E:\IDE\repo\org\springframework\security\spring-security-taglibs\3.0.5.RELEASE\spring-security-taglibs-3.0.5.RELEASE.jar;E:\IDE\repo\org\compass-project\compass\2.1.4\compass-2.1.4.jar;E:\IDE\repo\org\apache\lucene\lucene-core\2.4.1\lucene-core-2.4.1.jar;E:\IDE\repo\org\apache\lucene\lucene-highlighter\2.4.1\lucene-highlighter-2.4.1.jar;E:\IDE\repo\org\apache\poi\poi\3.8-beta4\poi-3.8-beta4.jar;E:\IDE\repo\p6spy\p6spy\1.3\p6spy-1.3.jar;E:\IDE\repo\org\quartz-scheduler\quartz\1.8.4\quartz-1.8.4.jar;E:\IDE\repo\javax\transaction\jta\1.1\jta-1.1.jar;E:\IDE\repo\org\hsqldb\hsqldb\2.0.0\hsqldb-2.0.0.jar;E:\IDE\repo\mysql\mysql-connector-java\5.1.18\mysql-connector-java-5.1.18.jar;E:\IDE\repo\com\octo\captcha\jcaptcha-all\1.0-RC6\jcaptcha-all-1.0-RC6.jar;E:\IDE\repo\concurrent\concurrent\1.3.4\concurrent-1.3.4.jar;E:\IDE\repo\org\fusesource\sigar\1.6.4\sigar-1.6.4.jar;"/>
    <property name="java.specification.name" value="Java Platform API Specification"/>
    <property name="java.class.version" value="51.0"/>
    <property name="sun.management.compiler" value="HotSpot Client Compiler"/>
    <property name="os.version" value="6.1"/>
    <property name="user.home" value="C:\Users\ThinkPad"/>
    <property name="user.timezone" value="Asia/Shanghai"/>
    <property name="java.awt.printerjob" value="sun.awt.windows.WPrinterJob"/>
    <property name="java.specification.version" value="1.7"/>
    <property name="file.encoding" value="GBK"/>
    <property name="user.name" value="ThinkPad"/>
    <property name="java.class.path" value="E:\IDE\wk\APDPlat-master\APDPlat_Core\target\test-classes;E:\IDE\wk\APDPlat-master\APDPlat_Core\target\classes;E:\IDE\repo\junit\junit\4.8.2\junit-4.8.2.jar;E:\IDE\repo\javax\javaee-api\6.0\javaee-api-6.0.jar;E:\IDE\repo\org\slf4j\slf4j-api\1.6.4\slf4j-api-1.6.4.jar;E:\IDE\repo\ch\qos\logback\logback-classic\0.9.28\logback-classic-0.9.28.jar;E:\IDE\repo\ch\qos\logback\logback-core\0.9.28\logback-core-0.9.28.jar;E:\IDE\repo\org\slf4j\jcl-over-slf4j\1.6.4\jcl-over-slf4j-1.6.4.jar;E:\IDE\repo\org\slf4j\jul-to-slf4j\1.6.4\jul-to-slf4j-1.6.4.jar;E:\IDE\repo\org\slf4j\log4j-over-slf4j\1.6.4\log4j-over-slf4j-1.6.4.jar;E:\IDE\repo\org\hibernate\hibernate-entitymanager\3.6.3.Final\hibernate-entitymanager-3.6.3.Final.jar;E:\IDE\repo\org\hibernate\hibernate-core\3.6.3.Final\hibernate-core-3.6.3.Final.jar;E:\IDE\repo\antlr\antlr\2.7.6\antlr-2.7.6.jar;E:\IDE\repo\org\hibernate\hibernate-commons-annotations\3.2.0.Final\hibernate-commons-annotations-3.2.0.Final.jar;E:\IDE\repo\org\hibernate\javax\persistence\hibernate-jpa-2.0-api\1.0.0.Final\hibernate-jpa-2.0-api-1.0.0.Final.jar;E:\IDE\repo\jaxen\jaxen\1.1.1\jaxen-1.1.1.jar;E:\IDE\repo\dom4j\dom4j\1.6.1\dom4j-1.6.1.jar;E:\IDE\repo\jdom\jdom\1.0\jdom-1.0.jar;E:\IDE\repo\javassist\javassist\3.8.0.GA\javassist-3.8.0.GA.jar;E:\IDE\repo\org\hibernate\hibernate-ehcache\3.6.3.Final\hibernate-ehcache-3.6.3.Final.jar;E:\IDE\repo\net\sf\ehcache\ehcache-core\2.4.1\ehcache-core-2.4.1.jar;E:\IDE\repo\org\springframework\spring-core\3.0.5.RELEASE\spring-core-3.0.5.RELEASE.jar;E:\IDE\repo\org\springframework\spring-asm\3.0.5.RELEASE\spring-asm-3.0.5.RELEASE.jar;E:\IDE\repo\org\springframework\spring-beans\3.0.5.RELEASE\spring-beans-3.0.5.RELEASE.jar;E:\IDE\repo\org\springframework\spring-aop\3.0.5.RELEASE\spring-aop-3.0.5.RELEASE.jar;E:\IDE\repo\aopalliance\aopalliance\1.0\aopalliance-1.0.jar;E:\IDE\repo\org\springframework\spring-context\3.0.5.RELEASE\spring-context-3.0.5.RELEASE.jar;E:\IDE\repo\org\springframework\spring-expression\3.0.5.RELEASE\spring-expression-3.0.5.RELEASE.jar;E:\IDE\repo\org\springframework\spring-context-support\3.0.5.RELEASE\spring-context-support-3.0.5.RELEASE.jar;E:\IDE\repo\org\springframework\spring-tx\3.0.5.RELEASE\spring-tx-3.0.5.RELEASE.jar;E:\IDE\repo\org\springframework\spring-jdbc\3.0.5.RELEASE\spring-jdbc-3.0.5.RELEASE.jar;E:\IDE\repo\org\springframework\spring-orm\3.0.5.RELEASE\spring-orm-3.0.5.RELEASE.jar;E:\IDE\repo\org\springframework\spring-web\3.0.5.RELEASE\spring-web-3.0.5.RELEASE.jar;E:\IDE\repo\org\springframework\spring-test\3.0.5.RELEASE\spring-test-3.0.5.RELEASE.jar;E:\IDE\repo\org\jasypt\jasypt\1.5\jasypt-1.5.jar;E:\IDE\repo\commons-lang\commons-lang\2.5\commons-lang-2.5.jar;E:\IDE\repo\commons-codec\commons-codec\1.4\commons-codec-1.4.jar;E:\IDE\repo\commons-collections\commons-collections\3.2.1\commons-collections-3.2.1.jar;E:\IDE\repo\org\apache\struts\struts2-core\2.2.3\struts2-core-2.2.3.jar;E:\IDE\repo\org\apache\struts\xwork\xwork-core\2.2.3\xwork-core-2.2.3.jar;E:\IDE\repo\asm\asm-commons\3.1\asm-commons-3.1.jar;E:\IDE\repo\asm\asm-tree\3.1\asm-tree-3.1.jar;E:\IDE\repo\ognl\ognl\3.0.1\ognl-3.0.1.jar;E:\IDE\repo\commons-fileupload\commons-fileupload\1.2.2\commons-fileupload-1.2.2.jar;E:\IDE\repo\commons-io\commons-io\2.0.1\commons-io-2.0.1.jar;E:\IDE\repo\org\apache\struts\struts2-convention-plugin\2.2.3\struts2-convention-plugin-2.2.3.jar;E:\IDE\repo\org\apache\struts\struts2-spring-plugin\2.2.3\struts2-spring-plugin-2.2.3.jar;E:\IDE\repo\org\freemarker\freemarker\2.3.15\freemarker-2.3.15.jar;E:\IDE\repo\commons-dbcp\commons-dbcp\1.2.1\commons-dbcp-1.2.1.jar;E:\IDE\repo\commons-pool\commons-pool\1.2\commons-pool-1.2.jar;E:\IDE\repo\cglib\cglib\2.2\cglib-2.2.jar;E:\IDE\repo\asm\asm\3.1\asm-3.1.jar;E:\IDE\repo\net\sf\json-lib\json-lib\2.3\json-lib-2.3-jdk15.jar;E:\IDE\repo\commons-beanutils\commons-beanutils\1.8.0\commons-beanutils-1.8.0.jar;E:\IDE\repo\net\sf\ezmorph\ezmorph\1.0.6\ezmorph-1.0.6.jar;E:\IDE\repo\org\springframework\security\spring-security-core\3.0.5.RELEASE\spring-security-core-3.0.5.RELEASE.jar;E:\IDE\repo\org\aspectj\aspectjrt\1.6.8\aspectjrt-1.6.8.jar;E:\IDE\repo\org\aspectj\aspectjweaver\1.6.8\aspectjweaver-1.6.8.jar;E:\IDE\repo\org\springframework\security\spring-security-web\3.0.5.RELEASE\spring-security-web-3.0.5.RELEASE.jar;E:\IDE\repo\org\springframework\security\spring-security-config\3.0.5.RELEASE\spring-security-config-3.0.5.RELEASE.jar;E:\IDE\repo\org\springframework\security\spring-security-acl\3.0.5.RELEASE\spring-security-acl-3.0.5.RELEASE.jar;E:\IDE\repo\org\springframework\security\spring-security-taglibs\3.0.5.RELEASE\spring-security-taglibs-3.0.5.RELEASE.jar;E:\IDE\repo\org\compass-project\compass\2.1.4\compass-2.1.4.jar;E:\IDE\repo\org\apache\lucene\lucene-core\2.4.1\lucene-core-2.4.1.jar;E:\IDE\repo\org\apache\lucene\lucene-highlighter\2.4.1\lucene-highlighter-2.4.1.jar;E:\IDE\repo\org\apache\poi\poi\3.8-beta4\poi-3.8-beta4.jar;E:\IDE\repo\p6spy\p6spy\1.3\p6spy-1.3.jar;E:\IDE\repo\org\quartz-scheduler\quartz\1.8.4\quartz-1.8.4.jar;E:\IDE\repo\javax\transaction\jta\1.1\jta-1.1.jar;E:\IDE\repo\org\hsqldb\hsqldb\2.0.0\hsqldb-2.0.0.jar;E:\IDE\repo\mysql\mysql-connector-java\5.1.18\mysql-connector-java-5.1.18.jar;E:\IDE\repo\com\octo\captcha\jcaptcha-all\1.0-RC6\jcaptcha-all-1.0-RC6.jar;E:\IDE\repo\concurrent\concurrent\1.3.4\concurrent-1.3.4.jar;E:\IDE\repo\org\fusesource\sigar\1.6.4\sigar-1.6.4.jar;"/>
    <property name="java.vm.specification.version" value="1.7"/>
    <property name="sun.arch.data.model" value="32"/>
    <property name="java.home" value="E:\IDE\jdk1.7.0_01\jre"/>
    <property name="sun.java.command" value="E:\IDE\wk\APDPlat-master\APDPlat_Core\target\surefire\surefirebooter6416958365036770952.jar E:\IDE\wk\APDPlat-master\APDPlat_Core\target\surefire\surefire7149656126418373705tmp E:\IDE\wk\APDPlat-master\APDPlat_Core\target\surefire\surefire8511976265680809537tmp"/>
    <property name="java.specification.vendor" value="Oracle Corporation"/>
    <property name="user.language" value="zh"/>
    <property name="awt.toolkit" value="sun.awt.windows.WToolkit"/>
    <property name="java.vm.info" value="mixed mode, sharing"/>
    <property name="java.version" value="1.7.0_01"/>
    <property name="java.ext.dirs" value="E:\IDE\jdk1.7.0_01\jre\lib\ext;C:\Windows\Sun\Java\lib\ext"/>
    <property name="sun.boot.class.path" value="E:\IDE\jdk1.7.0_01\jre\lib\resources.jar;E:\IDE\jdk1.7.0_01\jre\lib\rt.jar;E:\IDE\jdk1.7.0_01\jre\lib\sunrsasign.jar;E:\IDE\jdk1.7.0_01\jre\lib\jsse.jar;E:\IDE\jdk1.7.0_01\jre\lib\jce.jar;E:\IDE\jdk1.7.0_01\jre\lib\charsets.jar;E:\IDE\jdk1.7.0_01\jre\classes"/>
    <property name="java.vendor" value="Oracle Corporation"/>
    <property name="localRepository" value="E:\IDE\repo"/>
    <property name="file.separator" value="\"/>
    <property name="java.vendor.url.bug" value="http://bugreport.sun.com/bugreport/"/>
    <property name="sun.cpu.endian" value="little"/>
    <property name="sun.io.unicode.encoding" value="UnicodeLittle"/>
    <property name="sun.desktop" value="windows"/>
    <property name="sun.cpu.isalist" value="pentium_pro+mmx pentium_pro pentium+mmx pentium i486 i386 i86"/>
  </properties>
  <testcase time="0.204" classname="com.apdplat.platform.util.PKIUtilsTest" name="testEncryptAndDecrypt1"/>
  <testcase time="0.043" classname="com.apdplat.platform.util.PKIUtilsTest" name="testEncryptAndDecrypt2"/>
  <testcase time="0.043" classname="com.apdplat.platform.util.PKIUtilsTest" name="testSignatureAndVerifySignature"/>
</testsuite>